[02/12/2016 17:35:15] -> car2go torino: session successfully started
[02/12/2016 17:35:15] -> car2go torino: state successfully loaded
[02/12/2016 17:35:15] -> car2go torino: state successfully inserted
[02/12/2016 17:35:15] -> car2go torino: state successfully written
[02/12/2016 17:35:15] -> enjoy torino: session successfully started
[02/12/2016 17:35:16] -> enjoy torino: state successfully loaded
[02/12/2016 17:35:16] -> enjoy torino: state successfully inserted
[02/12/2016 17:35:16] -> enjoy torino: state successfully written
[02/12/2016 17:35:17] -> tobike torino: state successfully loaded
[02/12/2016 17:35:17] -> tobike torino: Database error!
[02/12/2016 17:35:17] -> tobike torino: state successfully written
[02/12/2016 17:35:39] -> car2go torino: session successfully started
[02/12/2016 17:35:39] -> car2go torino: state successfully loaded
[02/12/2016 17:35:39] -> car2go torino: state successfully inserted
[02/12/2016 17:35:39] -> car2go torino: state successfully written
[02/12/2016 17:35:39] -> enjoy torino: session successfully started
[02/12/2016 17:35:40] -> enjoy torino: state successfully loaded
[02/12/2016 17:35:40] -> enjoy torino: state successfully inserted
[02/12/2016 17:35:40] -> enjoy torino: state successfully written
[02/12/2016 17:35:41] -> tobike torino: state successfully loaded
[02/12/2016 17:35:41] -> tobike torino: Database error!
[02/12/2016 17:35:41] -> tobike torino: state successfully written
[02/12/2016 17:36:50] -> car2go torino: session successfully started
[02/12/2016 17:36:50] -> car2go torino: state successfully loaded
[02/12/2016 17:36:50] -> car2go torino: state successfully inserted
[02/12/2016 17:36:50] -> car2go torino: state successfully written
[02/12/2016 17:36:51] -> enjoy torino: session successfully started
[02/12/2016 17:36:51] -> enjoy torino: state successfully loaded
[02/12/2016 17:36:51] -> enjoy torino: state successfully inserted
[02/12/2016 17:36:51] -> enjoy torino: state successfully written
[02/12/2016 17:36:52] -> tobike torino: state successfully loaded
[02/12/2016 17:36:52] -> tobike torino: Database error!
[02/12/2016 17:36:52] -> tobike torino: state successfully written
[02/12/2016 17:38:10] -> car2go torino: state successfully loaded
[02/12/2016 17:38:10] -> car2go torino: state successfully inserted
[02/12/2016 17:38:10] -> car2go torino: state successfully written
[02/12/2016 17:38:12] -> enjoy torino: session successfully started
[02/12/2016 17:38:13] -> enjoy torino: state successfully loaded
[02/12/2016 17:38:13] -> enjoy torino: state successfully inserted
[02/12/2016 17:38:13] -> enjoy torino: state successfully written
[02/12/2016 17:38:21] -> tobike torino: state successfully loaded
[02/12/2016 17:38:21] -> tobike torino: Database error!
[02/12/2016 17:38:21] -> tobike torino: state successfully written
[02/12/2016 17:38:45] -> car2go torino: state successfully loaded
[02/12/2016 17:38:45] -> car2go torino: state successfully inserted
[02/12/2016 17:38:45] -> car2go torino: state successfully written
[02/12/2016 17:38:55] -> tobike torino: state successfully loaded
[02/12/2016 17:38:55] -> tobike torino: Database error!
[02/12/2016 17:38:55] -> tobike torino: state successfully written
[02/12/2016 17:38:59] -> enjoy torino: session successfully started
[02/12/2016 17:38:59] -> enjoy torino: state successfully loaded
[02/12/2016 17:38:59] -> enjoy torino: state successfully inserted
[02/12/2016 17:38:59] -> enjoy torino: state successfully written
[02/12/2016 17:39:20] -> car2go torino: state successfully loaded
[02/12/2016 17:39:20] -> car2go torino: state successfully inserted
[02/12/2016 17:39:20] -> car2go torino: state successfully written
[02/12/2016 17:39:33] -> tobike torino: state successfully loaded
[02/12/2016 17:39:33] -> tobike torino: Database error!
[02/12/2016 17:39:33] -> tobike torino: state successfully written
[02/12/2016 17:39:58] -> car2go torino: state successfully loaded
[02/12/2016 17:39:58] -> car2go torino: state successfully inserted
[02/12/2016 17:39:58] -> car2go torino: state successfully written
[02/12/2016 17:40:29] -> enjoy torino: session successfully started
[02/12/2016 17:40:29] -> enjoy torino: state successfully loaded
[02/12/2016 17:40:29] -> enjoy torino: state successfully inserted
[02/12/2016 17:40:29] -> enjoy torino: state successfully written
[02/12/2016 17:40:43] -> car2go torino: state successfully loaded
[02/12/2016 17:40:43] -> car2go torino: state successfully inserted
[02/12/2016 17:40:43] -> car2go torino: state successfully written
[02/12/2016 17:40:47] -> tobike torino: state successfully loaded
[02/12/2016 17:40:47] -> tobike torino: Database error!
[02/12/2016 17:40:47] -> tobike torino: state successfully written
[02/12/2016 17:41:31] -> enjoy torino: session successfully started
[02/12/2016 17:41:31] -> enjoy torino: state successfully loaded
[02/12/2016 17:41:31] -> enjoy torino: state successfully inserted
[02/12/2016 17:41:31] -> enjoy torino: state successfully written
